c:\users\redmi.desktop-hqihmc3\source\repos\lab_9_3\lab_9_3\x64\debug\main.obj
c:\users\redmi.desktop-hqihmc3\source\repos\lab_9_3\lab_9_3\x64\debug\figure.obj
c:\users\redmi.desktop-hqihmc3\source\repos\lab_9_3\lab_9_3\x64\debug\figurecollection.obj
c:\users\redmi.desktop-hqihmc3\source\repos\lab_9_3\lab_9_3\x64\debug\vc143.pdb
c:\users\redmi.desktop-hqihmc3\source\repos\lab_9_3\lab_9_3\x64\debug\moc_toppanel.obj
c:\users\redmi.desktop-hqihmc3\source\repos\lab_9_3\lab_9_3\x64\debug\moc_delegate.obj
c:\users\redmi.desktop-hqihmc3\source\repos\lab_9_3\lab_9_3\x64\debug\moc_canvas.obj
c:\users\redmi.desktop-hqihmc3\source\repos\lab_9_3\lab_9_3\x64\debug\moc_figurecollection.obj
c:\users\redmi.desktop-hqihmc3\source\repos\lab_9_3\lab_9_3\x64\debug\vc143.idb
c:\users\redmi.desktop-hqihmc3\source\repos\lab_9_3\lab_9_3\x64\debug\qrc_resource.obj
c:\users\redmi.desktop-hqihmc3\source\repos\lab_9_3\lab_9_3\x64\debug\qt\rcc\qrc_resource.cpp
c:\users\redmi.desktop-hqihmc3\source\repos\lab_9_3\lab_9_3\x64\debug\qt\moc\moc_canvas.cpp
c:\users\redmi.desktop-hqihmc3\source\repos\lab_9_3\lab_9_3\x64\debug\qt\moc\moc_delegate.cpp
c:\users\redmi.desktop-hqihmc3\source\repos\lab_9_3\lab_9_3\x64\debug\qt\moc\moc_toppanel.cpp
c:\users\redmi.desktop-hqihmc3\source\repos\lab_9_3\lab_9_3\x64\debug\qt\moc\moc_figurecollection.cpp
c:\users\redmi.desktop-hqihmc3\source\repos\lab_9_3\x64\debug\lab_9_3.exe
c:\users\redmi.desktop-hqihmc3\source\repos\lab_9_3\x64\debug\lab_9_3.pdb
c:\users\redmi.desktop-hqihmc3\source\repos\lab_9_3\lab_9_3\x64\debug\lab_9_3.ilk
c:\users\redmi.desktop-hqihmc3\source\repos\lab_9_3\lab_9_3\x64\debug\lab_9_3.tlog\cl.command.1.tlog
c:\users\redmi.desktop-hqihmc3\source\repos\lab_9_3\lab_9_3\x64\debug\lab_9_3.tlog\cl.items.tlog
c:\users\redmi.desktop-hqihmc3\source\repos\lab_9_3\lab_9_3\x64\debug\lab_9_3.tlog\cl.read.1.tlog
c:\users\redmi.desktop-hqihmc3\source\repos\lab_9_3\lab_9_3\x64\debug\lab_9_3.tlog\cl.write.1.tlog
c:\users\redmi.desktop-hqihmc3\source\repos\lab_9_3\lab_9_3\x64\debug\lab_9_3.tlog\lab_9_3.write.1u.tlog
c:\users\redmi.desktop-hqihmc3\source\repos\lab_9_3\lab_9_3\x64\debug\lab_9_3.tlog\link.command.1.tlog
c:\users\redmi.desktop-hqihmc3\source\repos\lab_9_3\lab_9_3\x64\debug\lab_9_3.tlog\link.read.1.tlog
c:\users\redmi.desktop-hqihmc3\source\repos\lab_9_3\lab_9_3\x64\debug\lab_9_3.tlog\link.secondary.1.tlog
c:\users\redmi.desktop-hqihmc3\source\repos\lab_9_3\lab_9_3\x64\debug\lab_9_3.tlog\link.write.1.tlog
c:\users\redmi.desktop-hqihmc3\source\repos\lab_9_3\lab_9_3\x64\debug\lab_9_3.tlog\moc.read.1u.tlog
c:\users\redmi.desktop-hqihmc3\source\repos\lab_9_3\lab_9_3\x64\debug\lab_9_3.tlog\moc.write.1u.tlog
c:\users\redmi.desktop-hqihmc3\source\repos\lab_9_3\lab_9_3\x64\debug\lab_9_3.tlog\rcc.read.1u.tlog
c:\users\redmi.desktop-hqihmc3\source\repos\lab_9_3\lab_9_3\x64\debug\lab_9_3.tlog\rcc.write.1u.tlog
