   Qt/MSBuild: 3.3.0.13
   Qt: 6.8.0
  FigureCollection.cpp
C:\Users\Redmi.DESKTOP-HQIHMC3\source\repos\Lab_9_3\DataBase.h(1,1): warning C4828: Файл содержит знак, начинающийся со смещения 0xfa, который является недопустимым в текущей исходной кодировке (кодовая страница 65001).
C:\Users\Redmi.DESKTOP-HQIHMC3\source\repos\Lab_9_3\DataBase.h(1,1): warning C4828: Файл содержит знак, начинающийся со смещения 0xfc, который является недопустимым в текущей исходной кодировке (кодовая страница 65001).
C:\Users\Redmi.DESKTOP-HQIHMC3\source\repos\Lab_9_3\DataBase.h(1,1): warning C4828: Файл содержит знак, начинающийся со смещения 0x100, который является недопустимым в текущей исходной кодировке (кодовая страница 65001).
C:\Users\Redmi.DESKTOP-HQIHMC3\source\repos\Lab_9_3\DataBase.h(1,1): warning C4828: Файл содержит знак, начинающийся со смещения 0x103, который является недопустимым в текущей исходной кодировке (кодовая страница 65001).
C:\Users\Redmi.DESKTOP-HQIHMC3\source\repos\Lab_9_3\DataBase.h(1,1): warning C4828: Файл содержит знак, начинающийся со смещения 0x106, который является недопустимым в текущей исходной кодировке (кодовая страница 65001).
C:\Users\Redmi.DESKTOP-HQIHMC3\source\repos\Lab_9_3\DataBase.h(1,1): warning C4828: Файл содержит знак, начинающийся со смещения 0x109, который является недопустимым в текущей исходной кодировке (кодовая страница 65001).
C:\Users\Redmi.DESKTOP-HQIHMC3\source\repos\Lab_9_3\DataBase.h(1,1): warning C4828: Файл содержит знак, начинающийся со смещения 0x10c, который является недопустимым в текущей исходной кодировке (кодовая страница 65001).
C:\Users\Redmi.DESKTOP-HQIHMC3\source\repos\Lab_9_3\DataBase.h(1,1): warning C4828: Файл содержит знак, начинающийся со смещения 0x10f, который является недопустимым в текущей исходной кодировке (кодовая страница 65001).
C:\Users\Redmi.DESKTOP-HQIHMC3\source\repos\Lab_9_3\DataBase.h(1,1): warning C4828: Файл содержит знак, начинающийся со смещения 0x130, который является недопустимым в текущей исходной кодировке (кодовая страница 65001).
C:\Users\Redmi.DESKTOP-HQIHMC3\source\repos\Lab_9_3\DataBase.h(1,1): warning C4828: Файл содержит знак, начинающийся со смещения 0x132, который является недопустимым в текущей исходной кодировке (кодовая страница 65001).
C:\Users\Redmi.DESKTOP-HQIHMC3\source\repos\Lab_9_3\DataBase.h(1,1): warning C4828: Файл содержит знак, начинающийся со смещения 0x135, который является недопустимым в текущей исходной кодировке (кодовая страница 65001).
C:\Users\Redmi.DESKTOP-HQIHMC3\source\repos\Lab_9_3\DataBase.h(1,1): warning C4828: Файл содержит знак, начинающийся со смещения 0x13a, который является недопустимым в текущей исходной кодировке (кодовая страница 65001).
C:\Users\Redmi.DESKTOP-HQIHMC3\source\repos\Lab_9_3\DataBase.h(1,1): warning C4828: Файл содержит знак, начинающийся со смещения 0x13d, который является недопустимым в текущей исходной кодировке (кодовая страница 65001).
C:\Users\Redmi.DESKTOP-HQIHMC3\source\repos\Lab_9_3\DataBase.h(1,1): warning C4828: Файл содержит знак, начинающийся со смещения 0x140, который является недопустимым в текущей исходной кодировке (кодовая страница 65001).
C:\Users\Redmi.DESKTOP-HQIHMC3\source\repos\Lab_9_3\DataBase.h(1,1): warning C4828: Файл содержит знак, начинающийся со смещения 0x143, который является недопустимым в текущей исходной кодировке (кодовая страница 65001).
C:\Users\Redmi.DESKTOP-HQIHMC3\source\repos\Lab_9_3\DataBase.h(1,1): warning C4828: Файл содержит знак, начинающийся со смещения 0x146, который является недопустимым в текущей исходной кодировке (кодовая страница 65001).
C:\Users\Redmi.DESKTOP-HQIHMC3\source\repos\Lab_9_3\DataBase.h(1,1): warning C4828: Файл содержит знак, начинающийся со смещения 0x149, который является недопустимым в текущей исходной кодировке (кодовая страница 65001).
  Lab_9_3.vcxproj -> C:\Users\Redmi.DESKTOP-HQIHMC3\source\repos\Lab_9_3\x64\Debug\Lab_9_3.exe
